#
# There is insufficient memory for the Java Runtime Environment to continue.
# Native memory allocation (malloc) failed to allocate 1048576 bytes for AllocateHeap
# Possible reasons:
#   The system is out of physical RAM or swap space
#   In 32 bit mode, the process size limit was hit
# Possible solutions:
#   Reduce memory load on the system
#   Increase physical memory or swap space
#   Check if swap backing store is full
#   Use 64 bit Java on a 64 bit OS
#   Decrease Java heap size (-Xmx/-Xms)
#   Decrease number of Java threads
#   Decrease Java thread stack sizes (-Xss)
#   Set larger code cache with -XX:ReservedCodeCacheSize=
# This output file may be truncated or incomplete.
#
#  Out of Memory Error (memory/allocation.inline.hpp:61), pid=5804, tid=15008
#
# JRE version:  (8.0_66-b18) (build )
# Java VM: Java HotSpot(TM) 64-Bit Server VM (25.66-b18 mixed mode windows-amd64 compressed oops)
# Failed to write core dump. Minidumps are not enabled by default on client versions of Windows
#

---------------  T H R E A D  ---------------

Current thread (0x0000000002660800):  JavaThread "Unknown thread" [_thread_in_vm, id=15008, stack(0x00000000024d0000,0x00000000025d0000)]

Stack: [0x00000000024d0000,0x00000000025d0000]
[error occurred during error reporting (printing stack bounds), id 0xc0000005]

Native frames: (J=compiled Java code, j=interpreted, Vv=VM code, C=native code)


---------------  P R O C E S S  ---------------

Java Threads: ( => current thread )

Other Threads:

=>0x0000000002660800 (exited) JavaThread "Unknown thread" [_thread_in_vm, id=15008, stack(0x00000000024d0000,0x00000000025d0000)]

VM state:not at safepoint (normal execution)

VM Mutex/Monitor currently owned by a thread: None

Heap:
 PSYoungGen      total 38400K, used 665K [0x00000000d5f00000, 0x00000000d8980000, 0x0000000100000000)
  eden space 33280K, 2% used [0x00000000d5f00000,0x00000000d5fa6670,0x00000000d7f80000)
  from space 5120K, 0% used [0x00000000d8480000,0x00000000d8480000,0x00000000d8980000)
  to   space 5120K, 0% used [0x00000000d7f80000,0x00000000d7f80000,0x00000000d8480000)
 ParOldGen       total 87552K, used 0K [0x0000000081c00000, 0x0000000087180000, 0x00000000d5f00000)
  object space 87552K, 0% used [0x0000000081c00000,0x0000000081c00000,0x0000000087180000)
 Metaspace       used 767K, capacity 4480K, committed 4480K, reserved 1056768K
  class space    used 75K, capacity 384K, committed 384K, reserved 1048576K

Card table byte_map: [0x0000000011b20000,0x0000000011f20000] byte_map_base: 0x0000000011712000

Marking Bits: (ParMarkBitMap*) 0x0000000059aca5b0
 Begin Bits: [0x00000000129d0000, 0x0000000014960000)
 End Bits:   [0x0000000014960000, 0x00000000168f0000)

Polling page: 0x0000000000cf0000

CodeCache: size=245760Kb used=328Kb max_used=328Kb free=245431Kb
 bounds [0x0000000002760000, 0x00000000029d0000, 0x0000000011760000]
 total_blobs=57 nmethods=0 adapters=37
 compilation: enabled

Compilation events (0 events):
No events

GC Heap History (0 events):
No events

Deoptimization events (0 events):
No events

Internal exceptions (0 events):
No events

Events (10 events):
Event: 0.036 loading class java/lang/Short
Event: 0.036 loading class java/lang/Short done
Event: 0.036 loading class java/lang/Integer
Event: 0.036 loading class java/lang/Integer done
Event: 0.036 loading class java/lang/Long
Event: 0.036 loading class java/lang/Long done
Event: 0.037 loading class java/lang/NullPointerException
Event: 0.037 loading class java/lang/NullPointerException done
Event: 0.037 loading class java/lang/ArithmeticException
Event: 0.037 loading class java/lang/ArithmeticException done


Dynamic libraries:
0x00007ff728230000 - 0x00007ff728267000 	C:\Program Files\Java\jdk1.8.0_66\bin\java.exe
0x00007ffdc5490000 - 0x00007ffdc5661000 	C:\WINDOWS\SYSTEM32\ntdll.dll
0x00007ffdc53e0000 - 0x00007ffdc548c000 	C:\WINDOWS\System32\KERNEL32.DLL
0x00007ffdc26a0000 - 0x00007ffdc28bd000 	C:\WINDOWS\System32\KERNELBASE.dll
0x00007ffdc30b0000 - 0x00007ffdc3152000 	C:\WINDOWS\System32\ADVAPI32.dll
0x00007ffdc31a0000 - 0x00007ffdc323e000 	C:\WINDOWS\System32\msvcrt.dll
0x00007ffdc2b80000 - 0x00007ffdc2bd9000 	C:\WINDOWS\System32\sechost.dll
0x00007ffdc5010000 - 0x00007ffdc5131000 	C:\WINDOWS\System32\RPCRT4.dll
0x00007ffdc5210000 - 0x00007ffdc5375000 	C:\WINDOWS\System32\USER32.dll
0x00007ffdc1c00000 - 0x00007ffdc1c1e000 	C:\WINDOWS\System32\win32u.dll
0x00007ffdc32d0000 - 0x00007ffdc3304000 	C:\WINDOWS\System32\GDI32.dll
0x00007ffdc1e40000 - 0x00007ffdc1fc0000 	C:\WINDOWS\System32\gdi32full.dll
0x00007ffdba940000 - 0x00007ffdbabba000 	C:\WINDOWS\WinSxS\amd64_microsoft.windows.common-controls_6595b64144ccf1df_6.0.14393.953_none_42151e83c686086b\COMCTL32.dll
0x00007ffdc4b90000 - 0x00007ffdc4e58000 	C:\WINDOWS\System32\combase.dll
0x00007ffdc2920000 - 0x00007ffdc2a15000 	C:\WINDOWS\System32\ucrtbase.dll
0x00007ffdc1a30000 - 0x00007ffdc1a9a000 	C:\WINDOWS\System32\bcryptPrimitives.dll
0x00007ffdc32a0000 - 0x00007ffdc32ce000 	C:\WINDOWS\System32\IMM32.DLL
0x000000005a410000 - 0x000000005a4e2000 	C:\Program Files\Java\jdk1.8.0_66\jre\bin\msvcr100.dll
0x00000000592c0000 - 0x0000000059b49000 	C:\Program Files\Java\jdk1.8.0_66\jre\bin\server\jvm.dll
0x00007ffdc3180000 - 0x00007ffdc3188000 	C:\WINDOWS\System32\PSAPI.DLL
0x00007ffdbf720000 - 0x00007ffdbf743000 	C:\WINDOWS\SYSTEM32\WINMM.dll
0x00007ffdbdcc0000 - 0x00007ffdbdcca000 	C:\WINDOWS\SYSTEM32\VERSION.dll
0x00007ffdbf750000 - 0x00007ffdbf759000 	C:\WINDOWS\SYSTEM32\WSOCK32.dll
0x00007ffdc33d0000 - 0x00007ffdc343a000 	C:\WINDOWS\System32\WS2_32.dll
0x00007ffdbf6c0000 - 0x00007ffdbf6eb000 	C:\WINDOWS\SYSTEM32\WINMMBASE.dll
0x00007ffdc1c20000 - 0x00007ffdc1c62000 	C:\WINDOWS\System32\cfgmgr32.dll
0x000000005fa30000 - 0x000000005fa3f000 	C:\Program Files\Java\jdk1.8.0_66\jre\bin\verify.dll
0x000000005fa00000 - 0x000000005fa29000 	C:\Program Files\Java\jdk1.8.0_66\jre\bin\java.dll
0x000000005f9e0000 - 0x000000005f9f6000 	C:\Program Files\Java\jdk1.8.0_66\jre\bin\zip.dll

VM Arguments:
jvm_args: -Dfile.encoding=UTF-8 
java_command: gavehicles.UI.GAVehicles
java_class_path (initial): C:\Users\Ari\Documents\'16\GAVehicles\build\classes
Launcher Type: SUN_STANDARD

Environment Variables:
PATH=C:\ProgramData\Oracle\Java\javapath;C:\WINDOWS\system32;C:\WINDOWS;C:\WINDOWS\System32\Wbem;C:\WINDOWS\System32\WindowsPowerShell\v1.0\;C:\Program Files\MATLAB\R2017a\bin;C:\Program Files\MATLAB\R2016a\bin;C:\Program Files\MiKTeX 2.9\miktex\bin\x64\;C:\Users\Ari\AppData\Local\Microsoft\WindowsApps;
USERNAME=Ari
OS=Windows_NT
PROCESSOR_IDENTIFIER=Intel64 Family 6 Model 58 Stepping 9, GenuineIntel



---------------  S Y S T E M  ---------------

OS: Windows 10.0 , 64 bit Build 14393 (10.0.14393.1198)

CPU:total 8 (4 cores per cpu, 2 threads per core) family 6 model 58 stepping 9, cmov, cx8, fxsr, mmx, sse, sse2, sse3, ssse3, sse4.1, sse4.2, popcnt, avx, aes, clmul, erms, ht, tsc, tscinvbit, tscinv

Memory: 4k page, physical 8271380k(1116012k free), swap 11650240k(5296k free)

vm_info: Java HotSpot(TM) 64-Bit Server VM (25.66-b18) for windows-amd64 JRE (1.8.0_66-b18), built on Nov  9 2015 10:51:13 by "java_re" with MS VC++ 10.0 (VS2010)

time: Tue Jul 25 17:55:40 2017
elapsed time: 0 seconds (0d 0h 0m 0s)

